INFO main com.appium.testcase.DemoCase - 弹出用户注册及服务协议、隐私政策，点击我同意
INFO main com.appium.testcase.DemoCase - 登录前初始化进入首页成功
INFO main com.appium.testcase.DemoCase - 登录成功弹出《个人敏感信息授权协议》
INFO main com.appium.testcase.DemoCase - 登录任意花app成功
INFO main com.appium.testcase.DemoCase - 进入实名认证页面
INFO main com.appium.testcase.DemoCase - 选择身份证正面成功！
INFO main com.appium.testcase.DemoCase - 选择身份证背面成功！
INFO main com.appium.testcase.DemoCase - 提交实名认证申请
INFO main com.appium.testcase.DemoCase - 进入资质评估页前弹出《个人敏感信息授权协议》
INFO main com.appium.testcase.DemoCase - 进入资质评估页
INFO main com.appium.testcase.DemoCase - 进入授信前基本信息页面
INFO main com.appium.testcase.DemoCase - 选择的居住地址为北京市东城区
INFO main com.appium.testcase.DemoCase - 选择的学历为博士
INFO main com.appium.testcase.DemoCase - 选择的职业为个体
INFO main com.appium.testcase.DemoCase - 选择的月收入为50000元以上
INFO main com.appium.testcase.DemoCase - 填写的邮箱为：1158261925@qq.com，并提交
INFO main com.appium.testcase.DemoCase - 点击绑定银行卡按钮
INFO main com.appium.testcase.DemoCase - 提交新绑定的银行卡，银行卡号为：6226220103326142
INFO main com.appium.testcase.DemoCase - 授信前补充资料提交后弹出《个人敏感信息授权协议》
INFO main com.appium.testcase.DemoCase - 资料审核中，请稍等片刻请不要离开〜
INFO main com.appium.testcase.DemoCase - 授信风控通过！
INFO main com.appium.testcase.DemoCase - 提现申请页面切换context：WEBVIEW_com.renmai.easymoney
INFO main com.appium.testcase.DemoCase - 进入提现页面成功啦!
INFO main com.appium.testcase.DemoCase - 提现申请页面默认显示的期数是：借6个月
INFO main com.appium.testcase.DemoCase - 选择的期数为：借3个月
INFO main com.appium.testcase.DemoCase - 综合年化成本为：35.22%
INFO main com.appium.testcase.DemoCase - 每期应还：1088.52
INFO main com.appium.testcase.DemoCase - 切换后的context是：NATIVE_APP
INFO main com.appium.testcase.DemoCase - 再次切换congtext为：WEBVIEW_com.renmai.easymoney
INFO main com.appium.testcase.DemoCase - try里面的方法执行成功
INFO main com.appium.testcase.DemoCase - 提交个人信息补充资料成功，返回到提现申请页面
INFO main com.appium.testcase.DemoCase - 紧急联系人页面滑动前的context为NATIVE_APP
INFO main com.appium.testcase.DemoCase - 向上滑动紧急联系人页面后切换context为：WEBVIEW_com.renmai.easymoney
INFO main com.appium.testcase.DemoCase - 勾选--->我已阅读，并同意将上述所列电话号码为本人逾期后的紧急联系人号码，并告知联系人
INFO main com.appium.testcase.DemoCase - 点击紧急联系人提交按钮
INFO main com.appium.testcase.DemoCase - 向上滑动提现申请页面后切换context为：WEBVIEW_com.renmai.easymoney
INFO main com.appium.testcase.DemoCase - 提现银行卡号为：6226220103367696
INFO main com.appium.testcase.DemoCase - 已点击确认同意委托划扣授权书
INFO main com.appium.testcase.DemoCase - 点击本人已阅读并同意签署：借款相关协议（点击可查看全部协议）。
INFO main com.appium.testcase.DemoCase - 查询的sql语句为：{user_id=33727, real_name=王晓曈, msg_content=736486, send_time=2020-11-14 00:22:42.0}
INFO main com.appium.testcase.DemoCase - 数据库中查询到的短验为：736486
INFO main com.appium.testcase.DemoCase - 进件状态为：您的提现申请正在审核中，点击刷新可查看最新状态
INFO main com.appium.testcase.DemoCase - 进入放款中页面:银行处理放款大概1-3个工作日请您耐心等待
INFO main com.appium.testcase.DemoCase - 进件状态为：您的提现申请已放款，请注意按时还款~
INFO main com.appium.testcase.DemoCase - 成功返回app首页
INFO main com.appium.testcase.DemoCase - 点击首页的查看借款详情按钮，进入借款列表页面
INFO main com.appium.testcase.DemoCase - 点击借款列表中的待还订单，进入还款页面
INFO main com.appium.testcase.DemoCase - 支付金额为：支付¥1088.52
ERROR main com.appium.testcase.DemoCase - 支付有误
ERROR main com.appium.testcase.DemoCase - 返回到借款列表页失败
